<?xml version="1.0" encoding="UTF-8"?>
<!-- Generated by org.testng.reporters.JUnitReportReporter -->
<testsuite hostname="DESKTOP-RGEAL2J" failures="0" tests="1" name="testCases.AcctRegistrationTest" time="2.989" errors="0" timestamp="2024-10-06T11:56:47 EDT" skipped="0">
  <testcase classname="testCases.AcctRegistrationTest" name="validateAcctRegistration" time="2.989"/>
</testsuite> <!-- testCases.AcctRegistrationTest -->
