<?xml version="1.0" encoding="UTF-8"?>
<!-- Generated by org.testng.reporters.JUnitReportReporter -->
<testsuite hostname="DESKTOP-RGEAL2J" failures="0" tests="1" name="testCases.LoginTest" time="2.088" errors="0" timestamp="2024-10-06T11:56:47 EDT" skipped="0">
  <testcase classname="testCases.LoginTest" name="validateLogin" time="2.088"/>
</testsuite> <!-- testCases.LoginTest -->
